{"H:\\dev\\HRnet\\src\\components\\Datepicker\\index.jsx": {"path":"H:\\dev\\HRnet\\src\\components\\Datepicker\\index.jsx","statementMap":{"0":{"start":{"line":23,"column":26},"end":{"line":23,"column":41}},"1":{"start":{"line":24,"column":14},"end":{"line":24,"column":26}},"2":{"start":{"line":27,"column":2},"end":{"line":33,"column":9}},"3":{"start":{"line":28,"column":31},"end":{"line":30,"column":5}},"4":{"start":{"line":29,"column":6},"end":{"line":29,"column":77}},"5":{"start":{"line":29,"column":62},"end":{"line":29,"column":77}},"6":{"start":{"line":31,"column":4},"end":{"line":31,"column":63}},"7":{"start":{"line":32,"column":4},"end":{"line":32,"column":79}},"8":{"start":{"line":32,"column":17},"end":{"line":32,"column":78}},"9":{"start":{"line":36,"column":40},"end":{"line":38,"column":3}},"10":{"start":{"line":37,"column":4},"end":{"line":37,"column":40}},"11":{"start":{"line":39,"column":15},"end":{"line":39,"column":40}},"12":{"start":{"line":40,"column":16},"end":{"line":40,"column":38}},"13":{"start":{"line":43,"column":22},"end":{"line":43,"column":60}},"14":{"start":{"line":44,"column":19},"end":{"line":44,"column":52}},"15":{"start":{"line":48,"column":21},"end":{"line":53,"column":43}},"16":{"start":{"line":49,"column":4},"end":{"line":53,"column":43}},"17":{"start":{"line":56,"column":21},"end":{"line":60,"column":3}},"18":{"start":{"line":57,"column":21},"end":{"line":57,"column":47}},"19":{"start":{"line":58,"column":4},"end":{"line":58,"column":64}},"20":{"start":{"line":59,"column":4},"end":{"line":59,"column":19}},"21":{"start":{"line":63,"column":21},"end":{"line":63,"column":71}},"22":{"start":{"line":63,"column":27},"end":{"line":63,"column":71}},"23":{"start":{"line":64,"column":21},"end":{"line":64,"column":71}},"24":{"start":{"line":64,"column":27},"end":{"line":64,"column":71}},"25":{"start":{"line":67,"column":16},"end":{"line":67,"column":63}},"26":{"start":{"line":67,"column":54},"end":{"line":67,"column":62}},"27":{"start":{"line":69,"column":17},"end":{"line":72,"column":1}},"28":{"start":{"line":74,"column":2},"end":{"line":153,"column":4}},"29":{"start":{"line":80,"column":23},"end":{"line":80,"column":41}},"30":{"start":{"line":80,"column":38},"end":{"line":80,"column":40}},"31":{"start":{"line":101,"column":16},"end":{"line":101,"column":73}},"32":{"start":{"line":105,"column":16},"end":{"line":105,"column":56}},"33":{"start":{"line":113,"column":18},"end":{"line":113,"column":76}},"34":{"start":{"line":117,"column":18},"end":{"line":117,"column":56}},"35":{"start":{"line":128,"column":16},"end":{"line":128,"column":77}},"36":{"start":{"line":134,"column":16},"end":{"line":134,"column":87}},"37":{"start":{"line":136,"column":61},"end":{"line":136,"column":66}},"38":{"start":{"line":137,"column":28},"end":{"line":137,"column":66}},"39":{"start":{"line":138,"column":16},"end":{"line":146,"column":18}},"40":{"start":{"line":142,"column":35},"end":{"line":142,"column":50}}},"fnMap":{"0":{"name":"DatePicker","decl":{"start":{"line":22,"column":9},"end":{"line":22,"column":19}},"loc":{"start":{"line":22,"column":101},"end":{"line":154,"column":1}},"line":22},"1":{"name":"(anonymous_1)","decl":{"start":{"line":27,"column":12},"end":{"line":27,"column":13}},"loc":{"start":{"line":27,"column":18},"end":{"line":33,"column":3}},"line":27},"2":{"name":"(anonymous_2)","decl":{"start":{"line":28,"column":31},"end":{"line":28,"column":32}},"loc":{"start":{"line":28,"column":42},"end":{"line":30,"column":5}},"line":28},"3":{"name":"(anonymous_3)","decl":{"start":{"line":32,"column":11},"end":{"line":32,"column":12}},"loc":{"start":{"line":32,"column":17},"end":{"line":32,"column":78}},"line":32},"4":{"name":"(anonymous_4)","decl":{"start":{"line":36,"column":49},"end":{"line":36,"column":50}},"loc":{"start":{"line":37,"column":4},"end":{"line":37,"column":40}},"line":37},"5":{"name":"(anonymous_5)","decl":{"start":{"line":48,"column":21},"end":{"line":48,"column":22}},"loc":{"start":{"line":49,"column":4},"end":{"line":53,"column":43}},"line":49},"6":{"name":"(anonymous_6)","decl":{"start":{"line":56,"column":21},"end":{"line":56,"column":22}},"loc":{"start":{"line":56,"column":30},"end":{"line":60,"column":3}},"line":56},"7":{"name":"(anonymous_7)","decl":{"start":{"line":63,"column":21},"end":{"line":63,"column":22}},"loc":{"start":{"line":63,"column":27},"end":{"line":63,"column":71}},"line":63},"8":{"name":"(anonymous_8)","decl":{"start":{"line":64,"column":21},"end":{"line":64,"column":22}},"loc":{"start":{"line":64,"column":27},"end":{"line":64,"column":71}},"line":64},"9":{"name":"(anonymous_9)","decl":{"start":{"line":67,"column":44},"end":{"line":67,"column":45}},"loc":{"start":{"line":67,"column":54},"end":{"line":67,"column":62}},"line":67},"10":{"name":"(anonymous_10)","decl":{"start":{"line":80,"column":17},"end":{"line":80,"column":18}},"loc":{"start":{"line":80,"column":23},"end":{"line":80,"column":41}},"line":80},"11":{"name":"(anonymous_11)","decl":{"start":{"line":80,"column":31},"end":{"line":80,"column":32}},"loc":{"start":{"line":80,"column":38},"end":{"line":80,"column":40}},"line":80},"12":{"name":"(anonymous_12)","decl":{"start":{"line":100,"column":24},"end":{"line":100,"column":25}},"loc":{"start":{"line":101,"column":16},"end":{"line":101,"column":73}},"line":101},"13":{"name":"(anonymous_13)","decl":{"start":{"line":104,"column":26},"end":{"line":104,"column":27}},"loc":{"start":{"line":105,"column":16},"end":{"line":105,"column":56}},"line":105},"14":{"name":"(anonymous_14)","decl":{"start":{"line":112,"column":26},"end":{"line":112,"column":27}},"loc":{"start":{"line":113,"column":18},"end":{"line":113,"column":76}},"line":113},"15":{"name":"(anonymous_15)","decl":{"start":{"line":116,"column":27},"end":{"line":116,"column":28}},"loc":{"start":{"line":117,"column":18},"end":{"line":117,"column":56}},"line":117},"16":{"name":"(anonymous_16)","decl":{"start":{"line":127,"column":62},"end":{"line":127,"column":63}},"loc":{"start":{"line":128,"column":16},"end":{"line":128,"column":77}},"line":128},"17":{"name":"(anonymous_17)","decl":{"start":{"line":133,"column":47},"end":{"line":133,"column":48}},"loc":{"start":{"line":134,"column":16},"end":{"line":134,"column":87}},"line":134},"18":{"name":"(anonymous_18)","decl":{"start":{"line":136,"column":51},"end":{"line":136,"column":52}},"loc":{"start":{"line":136,"column":61},"end":{"line":136,"column":66}},"line":136},"19":{"name":"(anonymous_19)","decl":{"start":{"line":136,"column":72},"end":{"line":136,"column":73}},"loc":{"start":{"line":136,"column":81},"end":{"line":147,"column":15}},"line":136},"20":{"name":"(anonymous_20)","decl":{"start":{"line":142,"column":29},"end":{"line":142,"column":30}},"loc":{"start":{"line":142,"column":35},"end":{"line":142,"column":50}},"line":142}},"branchMap":{"0":{"loc":{"start":{"line":22,"column":68},"end":{"line":22,"column":97}},"type":"default-arg","locations":[{"start":{"line":22,"column":82},"end":{"line":22,"column":97}}],"line":22},"1":{"loc":{"start":{"line":29,"column":6},"end":{"line":29,"column":77}},"type":"if","locations":[{"start":{"line":29,"column":6},"end":{"line":29,"column":77}},{"start":{},"end":{}}],"line":29},"2":{"loc":{"start":{"line":29,"column":10},"end":{"line":29,"column":60}},"type":"binary-expr","locations":[{"start":{"line":29,"column":10},"end":{"line":29,"column":21}},{"start":{"line":29,"column":25},"end":{"line":29,"column":60}}],"line":29},"3":{"loc":{"start":{"line":37,"column":4},"end":{"line":37,"column":40}},"type":"cond-expr","locations":[{"start":{"line":37,"column":12},"end":{"line":37,"column":27}},{"start":{"line":37,"column":30},"end":{"line":37,"column":40}}],"line":37},"4":{"loc":{"start":{"line":82,"column":23},"end":{"line":82,"column":50}},"type":"cond-expr","locations":[{"start":{"line":82,"column":34},"end":{"line":82,"column":40}},{"start":{"line":82,"column":43},"end":{"line":82,"column":50}}],"line":82},"5":{"loc":{"start":{"line":85,"column":11},"end":{"line":85,"column":76}},"type":"cond-expr","locations":[{"start":{"line":85,"column":19},"end":{"line":85,"column":62}},{"start":{"line":85,"column":65},"end":{"line":85,"column":76}}],"line":85},"6":{"loc":{"start":{"line":87,"column":52},"end":{"line":87,"column":68}},"type":"cond-expr","locations":[{"start":{"line":87,"column":59},"end":{"line":87,"column":62}},{"start":{"line":87,"column":65},"end":{"line":87,"column":68}}],"line":87},"7":{"loc":{"start":{"line":90,"column":7},"end":{"line":151,"column":7}},"type":"binary-expr","locations":[{"start":{"line":90,"column":7},"end":{"line":90,"column":11}},{"start":{"line":91,"column":8},"end":{"line":150,"column":14}}],"line":90},"8":{"loc":{"start":{"line":141,"column":56},"end":{"line":141,"column":88}},"type":"cond-expr","locations":[{"start":{"line":141,"column":72},"end":{"line":141,"column":83}},{"start":{"line":141,"column":86},"end":{"line":141,"column":88}}],"line":141}},"s":{"0":6,"1":6,"2":6,"3":6,"4":0,"5":0,"6":6,"7":6,"8":6,"9":6,"10":6,"11":6,"12":6,"13":6,"14":6,"15":6,"16":0,"17":6,"18":0,"19":0,"20":0,"21":6,"22":0,"23":6,"24":0,"25":6,"26":606,"27":6,"28":6,"29":0,"30":0,"31":0,"32":0,"33":0,"34":0,"35":0,"36":0,"37":0,"38":0,"39":0,"40":0},"f":{"0":6,"1":6,"2":0,"3":6,"4":6,"5":0,"6":0,"7":0,"8":0,"9":606,"10":0,"11":0,"12":0,"13":0,"14":0,"15":0,"16":0,"17":0,"18":0,"19":0,"20":0},"b":{"0":[6],"1":[0,0],"2":[0,0],"3":[0,6],"4":[0,6],"5":[0,6],"6":[0,6],"7":[6,0],"8":[0,0]},"_coverageSchema":"1a1c01bbd47fc00a2c39e90264f33305004495a9","hash":"3767a987ef723fa3ae08008cf2889d70f8bcbabb"}
,"H:\\dev\\HRnet\\src\\components\\Dropdown\\index.jsx": {"path":"H:\\dev\\HRnet\\src\\components\\Dropdown\\index.jsx","statementMap":{"0":{"start":{"line":33,"column":26},"end":{"line":33,"column":41}},"1":{"start":{"line":34,"column":14},"end":{"line":34,"column":26}},"2":{"start":{"line":37,"column":2},"end":{"line":45,"column":9}},"3":{"start":{"line":38,"column":31},"end":{"line":42,"column":5}},"4":{"start":{"line":39,"column":6},"end":{"line":41,"column":7}},"5":{"start":{"line":40,"column":8},"end":{"line":40,"column":23}},"6":{"start":{"line":43,"column":4},"end":{"line":43,"column":63}},"7":{"start":{"line":44,"column":4},"end":{"line":44,"column":79}},"8":{"start":{"line":44,"column":17},"end":{"line":44,"column":78}},"9":{"start":{"line":47,"column":19},"end":{"line":49,"column":3}},"10":{"start":{"line":48,"column":4},"end":{"line":48,"column":65}},"11":{"start":{"line":51,"column":2},"end":{"line":106,"column":4}},"12":{"start":{"line":56,"column":23},"end":{"line":56,"column":41}},"13":{"start":{"line":56,"column":38},"end":{"line":56,"column":40}},"14":{"start":{"line":76,"column":14},"end":{"line":76,"column":64}},"15":{"start":{"line":78,"column":14},"end":{"line":78,"column":64}},"16":{"start":{"line":79,"column":12},"end":{"line":101,"column":14}},"17":{"start":{"line":89,"column":18},"end":{"line":89,"column":69}},"18":{"start":{"line":90,"column":18},"end":{"line":90,"column":33}},"19":{"start":{"line":93,"column":18},"end":{"line":96,"column":19}},"20":{"start":{"line":94,"column":20},"end":{"line":94,"column":71}},"21":{"start":{"line":95,"column":20},"end":{"line":95,"column":35}}},"fnMap":{"0":{"name":"Dropdown","decl":{"start":{"line":24,"column":9},"end":{"line":24,"column":17}},"loc":{"start":{"line":32,"column":3},"end":{"line":107,"column":1}},"line":32},"1":{"name":"(anonymous_1)","decl":{"start":{"line":37,"column":12},"end":{"line":37,"column":13}},"loc":{"start":{"line":37,"column":18},"end":{"line":45,"column":3}},"line":37},"2":{"name":"(anonymous_2)","decl":{"start":{"line":38,"column":31},"end":{"line":38,"column":32}},"loc":{"start":{"line":38,"column":42},"end":{"line":42,"column":5}},"line":38},"3":{"name":"(anonymous_3)","decl":{"start":{"line":44,"column":11},"end":{"line":44,"column":12}},"loc":{"start":{"line":44,"column":17},"end":{"line":44,"column":78}},"line":44},"4":{"name":"(anonymous_4)","decl":{"start":{"line":47,"column":32},"end":{"line":47,"column":33}},"loc":{"start":{"line":48,"column":4},"end":{"line":48,"column":65}},"line":48},"5":{"name":"(anonymous_5)","decl":{"start":{"line":56,"column":17},"end":{"line":56,"column":18}},"loc":{"start":{"line":56,"column":23},"end":{"line":56,"column":41}},"line":56},"6":{"name":"(anonymous_6)","decl":{"start":{"line":56,"column":31},"end":{"line":56,"column":32}},"loc":{"start":{"line":56,"column":38},"end":{"line":56,"column":40}},"line":56},"7":{"name":"(anonymous_7)","decl":{"start":{"line":74,"column":23},"end":{"line":74,"column":24}},"loc":{"start":{"line":74,"column":40},"end":{"line":102,"column":11}},"line":74},"8":{"name":"(anonymous_8)","decl":{"start":{"line":88,"column":25},"end":{"line":88,"column":26}},"loc":{"start":{"line":88,"column":31},"end":{"line":91,"column":17}},"line":88},"9":{"name":"(anonymous_9)","decl":{"start":{"line":92,"column":27},"end":{"line":92,"column":28}},"loc":{"start":{"line":92,"column":34},"end":{"line":97,"column":17}},"line":92}},"branchMap":{"0":{"loc":{"start":{"line":31,"column":2},"end":{"line":31,"column":34}},"type":"default-arg","locations":[{"start":{"line":31,"column":16},"end":{"line":31,"column":34}}],"line":31},"1":{"loc":{"start":{"line":39,"column":6},"end":{"line":41,"column":7}},"type":"if","locations":[{"start":{"line":39,"column":6},"end":{"line":41,"column":7}},{"start":{},"end":{}}],"line":39},"2":{"loc":{"start":{"line":39,"column":10},"end":{"line":39,"column":60}},"type":"binary-expr","locations":[{"start":{"line":39,"column":10},"end":{"line":39,"column":21}},{"start":{"line":39,"column":25},"end":{"line":39,"column":60}}],"line":39},"3":{"loc":{"start":{"line":48,"column":4},"end":{"line":48,"column":65}},"type":"cond-expr","locations":[{"start":{"line":48,"column":30},"end":{"line":48,"column":49}},{"start":{"line":48,"column":52},"end":{"line":48,"column":65}}],"line":48},"4":{"loc":{"start":{"line":61,"column":23},"end":{"line":61,"column":50}},"type":"cond-expr","locations":[{"start":{"line":61,"column":34},"end":{"line":61,"column":40}},{"start":{"line":61,"column":43},"end":{"line":61,"column":50}}],"line":61},"5":{"loc":{"start":{"line":64,"column":11},"end":{"line":68,"column":25}},"type":"cond-expr","locations":[{"start":{"line":65,"column":14},"end":{"line":67,"column":24}},{"start":{"line":68,"column":14},"end":{"line":68,"column":25}}],"line":64},"6":{"loc":{"start":{"line":65,"column":14},"end":{"line":67,"column":24}},"type":"cond-expr","locations":[{"start":{"line":66,"column":16},"end":{"line":66,"column":30}},{"start":{"line":67,"column":16},"end":{"line":67,"column":24}}],"line":65},"7":{"loc":{"start":{"line":70,"column":43},"end":{"line":70,"column":59}},"type":"cond-expr","locations":[{"start":{"line":70,"column":50},"end":{"line":70,"column":53}},{"start":{"line":70,"column":56},"end":{"line":70,"column":59}}],"line":70},"8":{"loc":{"start":{"line":72,"column":7},"end":{"line":104,"column":7}},"type":"binary-expr","locations":[{"start":{"line":72,"column":7},"end":{"line":72,"column":11}},{"start":{"line":73,"column":8},"end":{"line":103,"column":13}}],"line":72},"9":{"loc":{"start":{"line":76,"column":14},"end":{"line":76,"column":64}},"type":"cond-expr","locations":[{"start":{"line":76,"column":43},"end":{"line":76,"column":55}},{"start":{"line":76,"column":58},"end":{"line":76,"column":64}}],"line":76},"10":{"loc":{"start":{"line":78,"column":14},"end":{"line":78,"column":64}},"type":"cond-expr","locations":[{"start":{"line":78,"column":43},"end":{"line":78,"column":55}},{"start":{"line":78,"column":58},"end":{"line":78,"column":64}}],"line":78},"11":{"loc":{"start":{"line":83,"column":18},"end":{"line":83,"column":58}},"type":"cond-expr","locations":[{"start":{"line":83,"column":42},"end":{"line":83,"column":53}},{"start":{"line":83,"column":56},"end":{"line":83,"column":58}}],"line":83},"12":{"loc":{"start":{"line":93,"column":18},"end":{"line":96,"column":19}},"type":"if","locations":[{"start":{"line":93,"column":18},"end":{"line":96,"column":19}},{"start":{},"end":{}}],"line":93},"13":{"loc":{"start":{"line":93,"column":22},"end":{"line":93,"column":56}},"type":"binary-expr","locations":[{"start":{"line":93,"column":22},"end":{"line":93,"column":39}},{"start":{"line":93,"column":43},"end":{"line":93,"column":56}}],"line":93}},"s":{"0":6,"1":6,"2":6,"3":6,"4":0,"5":0,"6":6,"7":6,"8":6,"9":6,"10":189,"11":6,"12":0,"13":0,"14":0,"15":0,"16":0,"17":0,"18":0,"19":0,"20":0,"21":0},"f":{"0":6,"1":6,"2":0,"3":6,"4":189,"5":0,"6":0,"7":0,"8":0,"9":0},"b":{"0":[6],"1":[0,0],"2":[0,0],"3":[189,0],"4":[0,6],"5":[0,6],"6":[0,0],"7":[0,6],"8":[6,0],"9":[0,0],"10":[0,0],"11":[0,0],"12":[0,0],"13":[0,0]},"_coverageSchema":"1a1c01bbd47fc00a2c39e90264f33305004495a9","hash":"fe9eb6480e28578a6a3dbcf7a48d710ae5a68bcf"}
,"H:\\dev\\HRnet\\src\\components\\Form\\index.jsx": {"path":"H:\\dev\\HRnet\\src\\components\\Form\\index.jsx","statementMap":{"0":{"start":{"line":26,"column":19},"end":{"line":26,"column":32}},"1":{"start":{"line":27,"column":30},"end":{"line":27,"column":42}},"2":{"start":{"line":28,"column":30},"end":{"line":28,"column":42}},"3":{"start":{"line":29,"column":34},"end":{"line":39,"column":4}},"4":{"start":{"line":42,"column":21},"end":{"line":48,"column":3}},"5":{"start":{"line":51,"column":18},"end":{"line":54,"column":3}},"6":{"start":{"line":52,"column":4},"end":{"line":52,"column":39}},"7":{"start":{"line":52,"column":27},"end":{"line":52,"column":39}},"8":{"start":{"line":53,"column":4},"end":{"line":53,"column":40}},"9":{"start":{"line":57,"column":22},"end":{"line":69,"column":3}},"10":{"start":{"line":58,"column":4},"end":{"line":60,"column":5}},"11":{"start":{"line":59,"column":6},"end":{"line":59,"column":53}},"12":{"start":{"line":59,"column":40},"end":{"line":59,"column":53}},"13":{"start":{"line":61,"column":4},"end":{"line":67,"column":19}},"14":{"start":{"line":67,"column":6},"end":{"line":67,"column":19}},"15":{"start":{"line":68,"column":4},"end":{"line":68,"column":16}},"16":{"start":{"line":75,"column":23},"end":{"line":110,"column":3}},"17":{"start":{"line":76,"column":28},"end":{"line":76,"column":36}},"18":{"start":{"line":77,"column":4},"end":{"line":77,"column":53}},"19":{"start":{"line":77,"column":25},"end":{"line":77,"column":50}},"20":{"start":{"line":79,"column":4},"end":{"line":109,"column":5}},"21":{"start":{"line":80,"column":23},"end":{"line":80,"column":67}},"22":{"start":{"line":80,"column":42},"end":{"line":80,"column":66}},"23":{"start":{"line":81,"column":6},"end":{"line":86,"column":10}},"24":{"start":{"line":81,"column":29},"end":{"line":86,"column":7}},"25":{"start":{"line":87,"column":6},"end":{"line":90,"column":10}},"26":{"start":{"line":87,"column":27},"end":{"line":90,"column":7}},"27":{"start":{"line":91,"column":11},"end":{"line":109,"column":5}},"28":{"start":{"line":92,"column":6},"end":{"line":92,"column":58}},"29":{"start":{"line":92,"column":29},"end":{"line":92,"column":55}},"30":{"start":{"line":93,"column":6},"end":{"line":96,"column":10}},"31":{"start":{"line":93,"column":27},"end":{"line":96,"column":7}},"32":{"start":{"line":97,"column":11},"end":{"line":109,"column":5}},"33":{"start":{"line":98,"column":6},"end":{"line":98,"column":58}},"34":{"start":{"line":98,"column":29},"end":{"line":98,"column":55}},"35":{"start":{"line":99,"column":6},"end":{"line":102,"column":10}},"36":{"start":{"line":99,"column":27},"end":{"line":102,"column":7}},"37":{"start":{"line":104,"column":6},"end":{"line":104,"column":58}},"38":{"start":{"line":104,"column":29},"end":{"line":104,"column":55}},"39":{"start":{"line":105,"column":6},"end":{"line":108,"column":10}},"40":{"start":{"line":105,"column":27},"end":{"line":108,"column":7}},"41":{"start":{"line":112,"column":23},"end":{"line":153,"column":3}},"42":{"start":{"line":113,"column":4},"end":{"line":113,"column":23}},"43":{"start":{"line":115,"column":4},"end":{"line":125,"column":7}},"44":{"start":{"line":127,"column":4},"end":{"line":137,"column":7}},"45":{"start":{"line":139,"column":4},"end":{"line":139,"column":31}},"46":{"start":{"line":139,"column":24},"end":{"line":139,"column":31}},"47":{"start":{"line":140,"column":4},"end":{"line":140,"column":36}},"48":{"start":{"line":141,"column":4},"end":{"line":151,"column":7}},"49":{"start":{"line":152,"column":4},"end":{"line":152,"column":43}},"50":{"start":{"line":152,"column":25},"end":{"line":152,"column":43}},"51":{"start":{"line":155,"column":2},"end":{"line":408,"column":4}},"52":{"start":{"line":322,"column":38},"end":{"line":325,"column":11}},"53":{"start":{"line":376,"column":43},"end":{"line":379,"column":11}}},"fnMap":{"0":{"name":"Form","decl":{"start":{"line":25,"column":9},"end":{"line":25,"column":13}},"loc":{"start":{"line":25,"column":35},"end":{"line":409,"column":1}},"line":25},"1":{"name":"(anonymous_1)","decl":{"start":{"line":51,"column":18},"end":{"line":51,"column":19}},"loc":{"start":{"line":51,"column":35},"end":{"line":54,"column":3}},"line":51},"2":{"name":"(anonymous_2)","decl":{"start":{"line":57,"column":22},"end":{"line":57,"column":23}},"loc":{"start":{"line":57,"column":28},"end":{"line":69,"column":3}},"line":57},"3":{"name":"(anonymous_3)","decl":{"start":{"line":75,"column":23},"end":{"line":75,"column":24}},"loc":{"start":{"line":75,"column":30},"end":{"line":110,"column":3}},"line":75},"4":{"name":"(anonymous_4)","decl":{"start":{"line":77,"column":14},"end":{"line":77,"column":15}},"loc":{"start":{"line":77,"column":25},"end":{"line":77,"column":50}},"line":77},"5":{"name":"(anonymous_5)","decl":{"start":{"line":80,"column":35},"end":{"line":80,"column":36}},"loc":{"start":{"line":80,"column":42},"end":{"line":80,"column":66}},"line":80},"6":{"name":"(anonymous_6)","decl":{"start":{"line":81,"column":18},"end":{"line":81,"column":19}},"loc":{"start":{"line":81,"column":29},"end":{"line":86,"column":7}},"line":81},"7":{"name":"(anonymous_7)","decl":{"start":{"line":87,"column":16},"end":{"line":87,"column":17}},"loc":{"start":{"line":87,"column":27},"end":{"line":90,"column":7}},"line":87},"8":{"name":"(anonymous_8)","decl":{"start":{"line":92,"column":18},"end":{"line":92,"column":19}},"loc":{"start":{"line":92,"column":29},"end":{"line":92,"column":55}},"line":92},"9":{"name":"(anonymous_9)","decl":{"start":{"line":93,"column":16},"end":{"line":93,"column":17}},"loc":{"start":{"line":93,"column":27},"end":{"line":96,"column":7}},"line":93},"10":{"name":"(anonymous_10)","decl":{"start":{"line":98,"column":18},"end":{"line":98,"column":19}},"loc":{"start":{"line":98,"column":29},"end":{"line":98,"column":55}},"line":98},"11":{"name":"(anonymous_11)","decl":{"start":{"line":99,"column":16},"end":{"line":99,"column":17}},"loc":{"start":{"line":99,"column":27},"end":{"line":102,"column":7}},"line":99},"12":{"name":"(anonymous_12)","decl":{"start":{"line":104,"column":18},"end":{"line":104,"column":19}},"loc":{"start":{"line":104,"column":29},"end":{"line":104,"column":55}},"line":104},"13":{"name":"(anonymous_13)","decl":{"start":{"line":105,"column":16},"end":{"line":105,"column":17}},"loc":{"start":{"line":105,"column":27},"end":{"line":108,"column":7}},"line":105},"14":{"name":"(anonymous_14)","decl":{"start":{"line":112,"column":23},"end":{"line":112,"column":24}},"loc":{"start":{"line":112,"column":30},"end":{"line":153,"column":3}},"line":112},"15":{"name":"(anonymous_15)","decl":{"start":{"line":322,"column":30},"end":{"line":322,"column":31}},"loc":{"start":{"line":322,"column":38},"end":{"line":325,"column":11}},"line":322},"16":{"name":"(anonymous_16)","decl":{"start":{"line":376,"column":35},"end":{"line":376,"column":36}},"loc":{"start":{"line":376,"column":43},"end":{"line":379,"column":11}},"line":376}},"branchMap":{"0":{"loc":{"start":{"line":52,"column":4},"end":{"line":52,"column":39}},"type":"if","locations":[{"start":{"line":52,"column":4},"end":{"line":52,"column":39}},{"start":{},"end":{}}],"line":52},"1":{"loc":{"start":{"line":59,"column":6},"end":{"line":59,"column":53}},"type":"if","locations":[{"start":{"line":59,"column":6},"end":{"line":59,"column":53}},{"start":{},"end":{}}],"line":59},"2":{"loc":{"start":{"line":61,"column":4},"end":{"line":67,"column":19}},"type":"if","locations":[{"start":{"line":61,"column":4},"end":{"line":67,"column":19}},{"start":{},"end":{}}],"line":61},"3":{"loc":{"start":{"line":62,"column":6},"end":{"line":65,"column":26}},"type":"binary-expr","locations":[{"start":{"line":62,"column":6},"end":{"line":62,"column":27}},{"start":{"line":63,"column":6},"end":{"line":63,"column":25}},{"start":{"line":64,"column":6},"end":{"line":64,"column":34}},{"start":{"line":65,"column":6},"end":{"line":65,"column":26}}],"line":62},"4":{"loc":{"start":{"line":79,"column":4},"end":{"line":109,"column":5}},"type":"if","locations":[{"start":{"line":79,"column":4},"end":{"line":109,"column":5}},{"start":{"line":91,"column":11},"end":{"line":109,"column":5}}],"line":79},"5":{"loc":{"start":{"line":83,"column":15},"end":{"line":85,"column":42}},"type":"cond-expr","locations":[{"start":{"line":84,"column":12},"end":{"line":84,"column":72}},{"start":{"line":85,"column":12},"end":{"line":85,"column":42}}],"line":83},"6":{"loc":{"start":{"line":91,"column":11},"end":{"line":109,"column":5}},"type":"if","locations":[{"start":{"line":91,"column":11},"end":{"line":109,"column":5}},{"start":{"line":97,"column":11},"end":{"line":109,"column":5}}],"line":91},"7":{"loc":{"start":{"line":97,"column":11},"end":{"line":109,"column":5}},"type":"if","locations":[{"start":{"line":97,"column":11},"end":{"line":109,"column":5}},{"start":{"line":103,"column":11},"end":{"line":109,"column":5}}],"line":97},"8":{"loc":{"start":{"line":97,"column":15},"end":{"line":97,"column":61}},"type":"binary-expr","locations":[{"start":{"line":97,"column":15},"end":{"line":97,"column":37}},{"start":{"line":97,"column":41},"end":{"line":97,"column":61}}],"line":97},"9":{"loc":{"start":{"line":139,"column":4},"end":{"line":139,"column":31}},"type":"if","locations":[{"start":{"line":139,"column":4},"end":{"line":139,"column":31}},{"start":{},"end":{}}],"line":139},"10":{"loc":{"start":{"line":152,"column":4},"end":{"line":152,"column":43}},"type":"if","locations":[{"start":{"line":152,"column":4},"end":{"line":152,"column":43}},{"start":{},"end":{}}],"line":152},"11":{"loc":{"start":{"line":168,"column":24},"end":{"line":168,"column":79}},"type":"cond-expr","locations":[{"start":{"line":168,"column":63},"end":{"line":168,"column":69}},{"start":{"line":168,"column":72},"end":{"line":168,"column":79}}],"line":168},"12":{"loc":{"start":{"line":168,"column":24},"end":{"line":168,"column":60}},"type":"binary-expr","locations":[{"start":{"line":168,"column":24},"end":{"line":168,"column":40}},{"start":{"line":168,"column":44},"end":{"line":168,"column":60}}],"line":168},"13":{"loc":{"start":{"line":170,"column":12},"end":{"line":170,"column":80}},"type":"cond-expr","locations":[{"start":{"line":170,"column":51},"end":{"line":170,"column":68}},{"start":{"line":170,"column":71},"end":{"line":170,"column":80}}],"line":170},"14":{"loc":{"start":{"line":170,"column":12},"end":{"line":170,"column":48}},"type":"binary-expr","locations":[{"start":{"line":170,"column":12},"end":{"line":170,"column":28}},{"start":{"line":170,"column":32},"end":{"line":170,"column":48}}],"line":170},"15":{"loc":{"start":{"line":173,"column":9},"end":{"line":182,"column":9}},"type":"binary-expr","locations":[{"start":{"line":173,"column":9},"end":{"line":173,"column":25}},{"start":{"line":173,"column":29},"end":{"line":173,"column":45}},{"start":{"line":174,"column":10},"end":{"line":181,"column":17}}],"line":173},"16":{"loc":{"start":{"line":195,"column":24},"end":{"line":195,"column":77}},"type":"cond-expr","locations":[{"start":{"line":195,"column":61},"end":{"line":195,"column":67}},{"start":{"line":195,"column":70},"end":{"line":195,"column":77}}],"line":195},"17":{"loc":{"start":{"line":195,"column":24},"end":{"line":195,"column":58}},"type":"binary-expr","locations":[{"start":{"line":195,"column":24},"end":{"line":195,"column":39}},{"start":{"line":195,"column":43},"end":{"line":195,"column":58}}],"line":195},"18":{"loc":{"start":{"line":197,"column":12},"end":{"line":197,"column":77}},"type":"cond-expr","locations":[{"start":{"line":197,"column":49},"end":{"line":197,"column":65}},{"start":{"line":197,"column":68},"end":{"line":197,"column":77}}],"line":197},"19":{"loc":{"start":{"line":197,"column":12},"end":{"line":197,"column":46}},"type":"binary-expr","locations":[{"start":{"line":197,"column":12},"end":{"line":197,"column":27}},{"start":{"line":197,"column":31},"end":{"line":197,"column":46}}],"line":197},"20":{"loc":{"start":{"line":200,"column":9},"end":{"line":209,"column":9}},"type":"binary-expr","locations":[{"start":{"line":200,"column":9},"end":{"line":200,"column":24}},{"start":{"line":200,"column":28},"end":{"line":200,"column":43}},{"start":{"line":201,"column":10},"end":{"line":208,"column":17}}],"line":200},"21":{"loc":{"start":{"line":218,"column":12},"end":{"line":218,"column":71}},"type":"cond-expr","locations":[{"start":{"line":218,"column":55},"end":{"line":218,"column":61}},{"start":{"line":218,"column":64},"end":{"line":218,"column":71}}],"line":218},"22":{"loc":{"start":{"line":218,"column":12},"end":{"line":218,"column":52}},"type":"binary-expr","locations":[{"start":{"line":218,"column":12},"end":{"line":218,"column":30}},{"start":{"line":218,"column":34},"end":{"line":218,"column":52}}],"line":218},"23":{"loc":{"start":{"line":221,"column":12},"end":{"line":223,"column":25}},"type":"cond-expr","locations":[{"start":{"line":222,"column":16},"end":{"line":222,"column":35}},{"start":{"line":223,"column":16},"end":{"line":223,"column":25}}],"line":221},"24":{"loc":{"start":{"line":221,"column":12},"end":{"line":221,"column":52}},"type":"binary-expr","locations":[{"start":{"line":221,"column":12},"end":{"line":221,"column":30}},{"start":{"line":221,"column":34},"end":{"line":221,"column":52}}],"line":221},"25":{"loc":{"start":{"line":226,"column":9},"end":{"line":235,"column":9}},"type":"binary-expr","locations":[{"start":{"line":226,"column":9},"end":{"line":226,"column":27}},{"start":{"line":226,"column":31},"end":{"line":226,"column":49}},{"start":{"line":227,"column":10},"end":{"line":234,"column":17}}],"line":226},"26":{"loc":{"start":{"line":245,"column":23},"end":{"line":245,"column":78}},"type":"cond-expr","locations":[{"start":{"line":245,"column":62},"end":{"line":245,"column":68}},{"start":{"line":245,"column":71},"end":{"line":245,"column":78}}],"line":245},"27":{"loc":{"start":{"line":245,"column":23},"end":{"line":245,"column":59}},"type":"binary-expr","locations":[{"start":{"line":245,"column":23},"end":{"line":245,"column":39}},{"start":{"line":245,"column":43},"end":{"line":245,"column":59}}],"line":245},"28":{"loc":{"start":{"line":247,"column":12},"end":{"line":247,"column":80}},"type":"cond-expr","locations":[{"start":{"line":247,"column":51},"end":{"line":247,"column":68}},{"start":{"line":247,"column":71},"end":{"line":247,"column":80}}],"line":247},"29":{"loc":{"start":{"line":247,"column":12},"end":{"line":247,"column":48}},"type":"binary-expr","locations":[{"start":{"line":247,"column":12},"end":{"line":247,"column":28}},{"start":{"line":247,"column":32},"end":{"line":247,"column":48}}],"line":247},"30":{"loc":{"start":{"line":250,"column":9},"end":{"line":259,"column":9}},"type":"binary-expr","locations":[{"start":{"line":250,"column":9},"end":{"line":250,"column":25}},{"start":{"line":250,"column":29},"end":{"line":250,"column":45}},{"start":{"line":251,"column":10},"end":{"line":258,"column":17}}],"line":250},"31":{"loc":{"start":{"line":272,"column":24},"end":{"line":272,"column":73}},"type":"cond-expr","locations":[{"start":{"line":272,"column":57},"end":{"line":272,"column":63}},{"start":{"line":272,"column":66},"end":{"line":272,"column":73}}],"line":272},"32":{"loc":{"start":{"line":272,"column":24},"end":{"line":272,"column":54}},"type":"binary-expr","locations":[{"start":{"line":272,"column":24},"end":{"line":272,"column":37}},{"start":{"line":272,"column":41},"end":{"line":272,"column":54}}],"line":272},"33":{"loc":{"start":{"line":274,"column":12},"end":{"line":274,"column":71}},"type":"cond-expr","locations":[{"start":{"line":274,"column":45},"end":{"line":274,"column":59}},{"start":{"line":274,"column":62},"end":{"line":274,"column":71}}],"line":274},"34":{"loc":{"start":{"line":274,"column":12},"end":{"line":274,"column":42}},"type":"binary-expr","locations":[{"start":{"line":274,"column":12},"end":{"line":274,"column":25}},{"start":{"line":274,"column":29},"end":{"line":274,"column":42}}],"line":274},"35":{"loc":{"start":{"line":277,"column":9},"end":{"line":286,"column":9}},"type":"binary-expr","locations":[{"start":{"line":277,"column":9},"end":{"line":277,"column":22}},{"start":{"line":277,"column":26},"end":{"line":277,"column":39}},{"start":{"line":278,"column":10},"end":{"line":285,"column":17}}],"line":277},"36":{"loc":{"start":{"line":299,"column":24},"end":{"line":299,"column":69}},"type":"cond-expr","locations":[{"start":{"line":299,"column":53},"end":{"line":299,"column":59}},{"start":{"line":299,"column":62},"end":{"line":299,"column":69}}],"line":299},"37":{"loc":{"start":{"line":299,"column":24},"end":{"line":299,"column":50}},"type":"binary-expr","locations":[{"start":{"line":299,"column":24},"end":{"line":299,"column":35}},{"start":{"line":299,"column":39},"end":{"line":299,"column":50}}],"line":299},"38":{"loc":{"start":{"line":301,"column":12},"end":{"line":301,"column":65}},"type":"cond-expr","locations":[{"start":{"line":301,"column":41},"end":{"line":301,"column":53}},{"start":{"line":301,"column":56},"end":{"line":301,"column":65}}],"line":301},"39":{"loc":{"start":{"line":301,"column":12},"end":{"line":301,"column":38}},"type":"binary-expr","locations":[{"start":{"line":301,"column":12},"end":{"line":301,"column":23}},{"start":{"line":301,"column":27},"end":{"line":301,"column":38}}],"line":301},"40":{"loc":{"start":{"line":304,"column":9},"end":{"line":313,"column":9}},"type":"binary-expr","locations":[{"start":{"line":304,"column":9},"end":{"line":304,"column":20}},{"start":{"line":304,"column":24},"end":{"line":304,"column":35}},{"start":{"line":305,"column":10},"end":{"line":312,"column":17}}],"line":304},"41":{"loc":{"start":{"line":328,"column":23},"end":{"line":328,"column":70}},"type":"cond-expr","locations":[{"start":{"line":328,"column":54},"end":{"line":328,"column":60}},{"start":{"line":328,"column":63},"end":{"line":328,"column":70}}],"line":328},"42":{"loc":{"start":{"line":328,"column":23},"end":{"line":328,"column":51}},"type":"binary-expr","locations":[{"start":{"line":328,"column":23},"end":{"line":328,"column":35}},{"start":{"line":328,"column":39},"end":{"line":328,"column":51}}],"line":328},"43":{"loc":{"start":{"line":330,"column":12},"end":{"line":330,"column":68}},"type":"cond-expr","locations":[{"start":{"line":330,"column":43},"end":{"line":330,"column":56}},{"start":{"line":330,"column":59},"end":{"line":330,"column":68}}],"line":330},"44":{"loc":{"start":{"line":330,"column":12},"end":{"line":330,"column":40}},"type":"binary-expr","locations":[{"start":{"line":330,"column":12},"end":{"line":330,"column":24}},{"start":{"line":330,"column":28},"end":{"line":330,"column":40}}],"line":330},"45":{"loc":{"start":{"line":333,"column":9},"end":{"line":342,"column":9}},"type":"binary-expr","locations":[{"start":{"line":333,"column":9},"end":{"line":333,"column":21}},{"start":{"line":333,"column":25},"end":{"line":333,"column":37}},{"start":{"line":334,"column":10},"end":{"line":341,"column":17}}],"line":333},"46":{"loc":{"start":{"line":355,"column":24},"end":{"line":355,"column":75}},"type":"cond-expr","locations":[{"start":{"line":355,"column":59},"end":{"line":355,"column":65}},{"start":{"line":355,"column":68},"end":{"line":355,"column":75}}],"line":355},"47":{"loc":{"start":{"line":355,"column":24},"end":{"line":355,"column":56}},"type":"binary-expr","locations":[{"start":{"line":355,"column":24},"end":{"line":355,"column":38}},{"start":{"line":355,"column":42},"end":{"line":355,"column":56}}],"line":355},"48":{"loc":{"start":{"line":357,"column":12},"end":{"line":357,"column":74}},"type":"cond-expr","locations":[{"start":{"line":357,"column":47},"end":{"line":357,"column":62}},{"start":{"line":357,"column":65},"end":{"line":357,"column":74}}],"line":357},"49":{"loc":{"start":{"line":357,"column":12},"end":{"line":357,"column":44}},"type":"binary-expr","locations":[{"start":{"line":357,"column":12},"end":{"line":357,"column":26}},{"start":{"line":357,"column":30},"end":{"line":357,"column":44}}],"line":357},"50":{"loc":{"start":{"line":360,"column":9},"end":{"line":369,"column":9}},"type":"binary-expr","locations":[{"start":{"line":360,"column":9},"end":{"line":360,"column":23}},{"start":{"line":360,"column":27},"end":{"line":360,"column":41}},{"start":{"line":361,"column":10},"end":{"line":368,"column":17}}],"line":360},"51":{"loc":{"start":{"line":383,"column":12},"end":{"line":383,"column":69}},"type":"cond-expr","locations":[{"start":{"line":383,"column":53},"end":{"line":383,"column":59}},{"start":{"line":383,"column":62},"end":{"line":383,"column":69}}],"line":383},"52":{"loc":{"start":{"line":383,"column":12},"end":{"line":383,"column":50}},"type":"binary-expr","locations":[{"start":{"line":383,"column":12},"end":{"line":383,"column":29}},{"start":{"line":383,"column":33},"end":{"line":383,"column":50}}],"line":383},"53":{"loc":{"start":{"line":386,"column":12},"end":{"line":388,"column":25}},"type":"cond-expr","locations":[{"start":{"line":387,"column":16},"end":{"line":387,"column":34}},{"start":{"line":388,"column":16},"end":{"line":388,"column":25}}],"line":386},"54":{"loc":{"start":{"line":386,"column":12},"end":{"line":386,"column":50}},"type":"binary-expr","locations":[{"start":{"line":386,"column":12},"end":{"line":386,"column":29}},{"start":{"line":386,"column":33},"end":{"line":386,"column":50}}],"line":386},"55":{"loc":{"start":{"line":391,"column":9},"end":{"line":400,"column":9}},"type":"binary-expr","locations":[{"start":{"line":391,"column":9},"end":{"line":391,"column":26}},{"start":{"line":391,"column":30},"end":{"line":391,"column":47}},{"start":{"line":392,"column":10},"end":{"line":399,"column":17}}],"line":391}},"s":{"0":3,"1":3,"2":3,"3":3,"4":3,"5":3,"6":0,"7":0,"8":0,"9":3,"10":0,"11":0,"12":0,"13":0,"14":0,"15":0,"16":3,"17":0,"18":0,"19":0,"20":0,"21":0,"22":0,"23":0,"24":0,"25":0,"26":0,"27":0,"28":0,"29":0,"30":0,"31":0,"32":0,"33":0,"34":0,"35":0,"36":0,"37":0,"38":0,"39":0,"40":0,"41":3,"42":0,"43":0,"44":0,"45":0,"46":0,"47":0,"48":0,"49":0,"50":0,"51":3,"52":177,"53":12},"f":{"0":3,"1":0,"2":0,"3":0,"4":0,"5":0,"6":0,"7":0,"8":0,"9":0,"10":0,"11":0,"12":0,"13":0,"14":0,"15":177,"16":12},"b":{"0":[0,0],"1":[0,0],"2":[0,0],"3":[0,0,0,0],"4":[0,0],"5":[0,0],"6":[0,0],"7":[0,0],"8":[0,0],"9":[0,0],"10":[0,0],"11":[0,3],"12":[3,0],"13":[0,3],"14":[3,0],"15":[3,0,0],"16":[0,3],"17":[3,0],"18":[0,3],"19":[3,0],"20":[3,0,0],"21":[0,3],"22":[3,0],"23":[0,3],"24":[3,0],"25":[3,0,0],"26":[0,3],"27":[3,0],"28":[0,3],"29":[3,0],"30":[3,0,0],"31":[0,3],"32":[3,0],"33":[0,3],"34":[3,0],"35":[3,0,0],"36":[0,3],"37":[3,0],"38":[0,3],"39":[3,0],"40":[3,0,0],"41":[0,3],"42":[3,0],"43":[0,3],"44":[3,0],"45":[3,0,0],"46":[0,3],"47":[3,0],"48":[0,3],"49":[3,0],"50":[3,0,0],"51":[0,3],"52":[3,0],"53":[0,3],"54":[3,0],"55":[3,0,0]},"_coverageSchema":"1a1c01bbd47fc00a2c39e90264f33305004495a9","hash":"2bd08ecd83ca568f79f92abae9fdaed9a3df0503"}
,"H:\\dev\\HRnet\\src\\data\\departments.js": {"path":"H:\\dev\\HRnet\\src\\data\\departments.js","statementMap":{"0":{"start":{"line":1,"column":20},"end":{"line":18,"column":1}}},"fnMap":{},"branchMap":{},"s":{"0":1},"f":{},"b":{},"_coverageSchema":"1a1c01bbd47fc00a2c39e90264f33305004495a9","hash":"c1b62a2a0481ef863a65fb538ef8e5641abd54c0"}
,"H:\\dev\\HRnet\\src\\data\\states.js": {"path":"H:\\dev\\HRnet\\src\\data\\states.js","statementMap":{"0":{"start":{"line":1,"column":15},"end":{"line":238,"column":1}}},"fnMap":{},"branchMap":{},"s":{"0":1},"f":{},"b":{},"_coverageSchema":"1a1c01bbd47fc00a2c39e90264f33305004495a9","hash":"f36be3e2b76a5db44e365e00dce317af083e403f"}
,"H:\\dev\\HRnet\\src\\pages\\EmployeeList\\index.jsx": {"path":"H:\\dev\\HRnet\\src\\pages\\EmployeeList\\index.jsx","statementMap":{"0":{"start":{"line":22,"column":20},"end":{"line":22,"column":69}},"1":{"start":{"line":22,"column":43},"end":{"line":22,"column":68}},"2":{"start":{"line":23,"column":30},"end":{"line":23,"column":42}},"3":{"start":{"line":26,"column":21},"end":{"line":34,"column":3}},"4":{"start":{"line":27,"column":4},"end":{"line":27,"column":28}},"5":{"start":{"line":27,"column":18},"end":{"line":27,"column":28}},"6":{"start":{"line":28,"column":17},"end":{"line":28,"column":34}},"7":{"start":{"line":29,"column":4},"end":{"line":29,"column":36}},"8":{"start":{"line":29,"column":21},"end":{"line":29,"column":36}},"9":{"start":{"line":30,"column":16},"end":{"line":30,"column":55}},"10":{"start":{"line":31,"column":18},"end":{"line":31,"column":62}},"11":{"start":{"line":32,"column":17},"end":{"line":32,"column":43}},"12":{"start":{"line":33,"column":4},"end":{"line":33,"column":37}},"13":{"start":{"line":37,"column":18},"end":{"line":57,"column":3}},"14":{"start":{"line":38,"column":45},"end":{"line":38,"column":58}},"15":{"start":{"line":39,"column":44},"end":{"line":39,"column":56}},"16":{"start":{"line":42,"column":25},"end":{"line":42,"column":38}},"17":{"start":{"line":44,"column":23},"end":{"line":44,"column":48}},"18":{"start":{"line":46,"column":45},"end":{"line":46,"column":59}},"19":{"start":{"line":49,"column":25},"end":{"line":49,"column":40}},"20":{"start":{"line":51,"column":23},"end":{"line":51,"column":50}},"21":{"start":{"line":53,"column":41},"end":{"line":53,"column":51}},"22":{"start":{"line":54,"column":39},"end":{"line":54,"column":47}},"23":{"start":{"line":55,"column":40},"end":{"line":55,"column":62}},"24":{"start":{"line":56,"column":43},"end":{"line":56,"column":54}},"25":{"start":{"line":60,"column":30},"end":{"line":65,"column":3}},"26":{"start":{"line":61,"column":4},"end":{"line":64,"column":37}},"27":{"start":{"line":67,"column":2},"end":{"line":97,"column":4}},"28":{"start":{"line":79,"column":25},"end":{"line":79,"column":50}}},"fnMap":{"0":{"name":"EmployeeList","decl":{"start":{"line":21,"column":9},"end":{"line":21,"column":21}},"loc":{"start":{"line":21,"column":24},"end":{"line":98,"column":1}},"line":21},"1":{"name":"(anonymous_1)","decl":{"start":{"line":22,"column":32},"end":{"line":22,"column":33}},"loc":{"start":{"line":22,"column":43},"end":{"line":22,"column":68}},"line":22},"2":{"name":"(anonymous_2)","decl":{"start":{"line":26,"column":21},"end":{"line":26,"column":22}},"loc":{"start":{"line":26,"column":34},"end":{"line":34,"column":3}},"line":26},"3":{"name":"(anonymous_3)","decl":{"start":{"line":38,"column":36},"end":{"line":38,"column":37}},"loc":{"start":{"line":38,"column":45},"end":{"line":38,"column":58}},"line":38},"4":{"name":"(anonymous_4)","decl":{"start":{"line":39,"column":35},"end":{"line":39,"column":36}},"loc":{"start":{"line":39,"column":44},"end":{"line":39,"column":56}},"line":39},"5":{"name":"(anonymous_5)","decl":{"start":{"line":42,"column":16},"end":{"line":42,"column":17}},"loc":{"start":{"line":42,"column":25},"end":{"line":42,"column":38}},"line":42},"6":{"name":"(anonymous_6)","decl":{"start":{"line":44,"column":14},"end":{"line":44,"column":15}},"loc":{"start":{"line":44,"column":23},"end":{"line":44,"column":48}},"line":44},"7":{"name":"(anonymous_7)","decl":{"start":{"line":46,"column":36},"end":{"line":46,"column":37}},"loc":{"start":{"line":46,"column":45},"end":{"line":46,"column":59}},"line":46},"8":{"name":"(anonymous_8)","decl":{"start":{"line":49,"column":16},"end":{"line":49,"column":17}},"loc":{"start":{"line":49,"column":25},"end":{"line":49,"column":40}},"line":49},"9":{"name":"(anonymous_9)","decl":{"start":{"line":51,"column":14},"end":{"line":51,"column":15}},"loc":{"start":{"line":51,"column":23},"end":{"line":51,"column":50}},"line":51},"10":{"name":"(anonymous_10)","decl":{"start":{"line":53,"column":32},"end":{"line":53,"column":33}},"loc":{"start":{"line":53,"column":41},"end":{"line":53,"column":51}},"line":53},"11":{"name":"(anonymous_11)","decl":{"start":{"line":54,"column":30},"end":{"line":54,"column":31}},"loc":{"start":{"line":54,"column":39},"end":{"line":54,"column":47}},"line":54},"12":{"name":"(anonymous_12)","decl":{"start":{"line":55,"column":31},"end":{"line":55,"column":32}},"loc":{"start":{"line":55,"column":40},"end":{"line":55,"column":62}},"line":55},"13":{"name":"(anonymous_13)","decl":{"start":{"line":56,"column":34},"end":{"line":56,"column":35}},"loc":{"start":{"line":56,"column":43},"end":{"line":56,"column":54}},"line":56},"14":{"name":"(anonymous_14)","decl":{"start":{"line":60,"column":47},"end":{"line":60,"column":48}},"loc":{"start":{"line":61,"column":4},"end":{"line":64,"column":37}},"line":61},"15":{"name":"(anonymous_15)","decl":{"start":{"line":79,"column":20},"end":{"line":79,"column":21}},"loc":{"start":{"line":79,"column":25},"end":{"line":79,"column":50}},"line":79}},"branchMap":{"0":{"loc":{"start":{"line":27,"column":4},"end":{"line":27,"column":28}},"type":"if","locations":[{"start":{"line":27,"column":4},"end":{"line":27,"column":28}},{"start":{},"end":{}}],"line":27},"1":{"loc":{"start":{"line":29,"column":4},"end":{"line":29,"column":36}},"type":"if","locations":[{"start":{"line":29,"column":4},"end":{"line":29,"column":36}},{"start":{},"end":{}}],"line":29}},"s":{"0":5,"1":8,"2":5,"3":5,"4":8,"5":0,"6":8,"7":8,"8":0,"9":8,"10":8,"11":8,"12":8,"13":5,"14":4,"15":4,"16":0,"17":4,"18":4,"19":0,"20":4,"21":4,"22":4,"23":4,"24":4,"25":5,"26":5,"27":5,"28":2},"f":{"0":5,"1":8,"2":8,"3":4,"4":4,"5":0,"6":4,"7":4,"8":0,"9":4,"10":4,"11":4,"12":4,"13":4,"14":5,"15":2},"b":{"0":[0,8],"1":[0,8]},"_coverageSchema":"1a1c01bbd47fc00a2c39e90264f33305004495a9","hash":"b910222fb099b65feeef23535b9fbb416748fdcf"}
,"H:\\dev\\HRnet\\src\\pages\\Home\\index.jsx": {"path":"H:\\dev\\HRnet\\src\\pages\\Home\\index.jsx","statementMap":{"0":{"start":{"line":18,"column":26},"end":{"line":18,"column":41}},"1":{"start":{"line":20,"column":27},"end":{"line":22,"column":3}},"2":{"start":{"line":21,"column":4},"end":{"line":21,"column":18}},"3":{"start":{"line":24,"column":2},"end":{"line":45,"column":4}},"4":{"start":{"line":37,"column":25},"end":{"line":37,"column":39}}},"fnMap":{"0":{"name":"Home","decl":{"start":{"line":17,"column":9},"end":{"line":17,"column":13}},"loc":{"start":{"line":17,"column":16},"end":{"line":46,"column":1}},"line":17},"1":{"name":"(anonymous_1)","decl":{"start":{"line":20,"column":27},"end":{"line":20,"column":28}},"loc":{"start":{"line":20,"column":33},"end":{"line":22,"column":3}},"line":20},"2":{"name":"(anonymous_2)","decl":{"start":{"line":37,"column":19},"end":{"line":37,"column":20}},"loc":{"start":{"line":37,"column":25},"end":{"line":37,"column":39}},"line":37}},"branchMap":{},"s":{"0":3,"1":3,"2":0,"3":3,"4":0},"f":{"0":3,"1":0,"2":0},"b":{},"_coverageSchema":"1a1c01bbd47fc00a2c39e90264f33305004495a9","hash":"9dbf3d88eb472bb375b32273a6435fb0ed2d8c1c"}
,"H:\\dev\\HRnet\\src\\store\\employeeSlice.js": {"path":"H:\\dev\\HRnet\\src\\store\\employeeSlice.js","statementMap":{"0":{"start":{"line":3,"column":21},"end":{"line":5,"column":1}},"1":{"start":{"line":7,"column":29},"end":{"line":16,"column":2}},"2":{"start":{"line":12,"column":6},"end":{"line":12,"column":43}},"3":{"start":{"line":13,"column":6},"end":{"line":13,"column":73}},"4":{"start":{"line":18,"column":31},"end":{"line":18,"column":52}}},"fnMap":{"0":{"name":"(anonymous_0)","decl":{"start":{"line":11,"column":17},"end":{"line":11,"column":18}},"loc":{"start":{"line":11,"column":36},"end":{"line":14,"column":5}},"line":11}},"branchMap":{"0":{"loc":{"start":{"line":4,"column":13},"end":{"line":4,"column":64}},"type":"binary-expr","locations":[{"start":{"line":4,"column":13},"end":{"line":4,"column":58}},{"start":{"line":4,"column":62},"end":{"line":4,"column":64}}],"line":4}},"s":{"0":1,"1":1,"2":0,"3":0,"4":1},"f":{"0":0},"b":{"0":[1,1]},"_coverageSchema":"1a1c01bbd47fc00a2c39e90264f33305004495a9","hash":"dfaea801342e2dc1d67221aa773057c4130dd767"}
}
