TN:
SF:src\components\Datepicker\index.jsx
FN:22,DatePicker
FN:27,(anonymous_1)
FN:28,(anonymous_2)
FN:32,(anonymous_3)
FN:36,(anonymous_4)
FN:48,(anonymous_5)
FN:56,(anonymous_6)
FN:63,(anonymous_7)
FN:64,(anonymous_8)
FN:67,(anonymous_9)
FN:80,(anonymous_10)
FN:80,(anonymous_11)
FN:100,(anonymous_12)
FN:104,(anonymous_13)
FN:112,(anonymous_14)
FN:116,(anonymous_15)
FN:127,(anonymous_16)
FN:133,(anonymous_17)
FN:136,(anonymous_18)
FN:136,(anonymous_19)
FN:142,(anonymous_20)
FNF:21
FNH:5
FNDA:6,DatePicker
FNDA:6,(anonymous_1)
FNDA:0,(anonymous_2)
FNDA:6,(anonymous_3)
FNDA:6,(anonymous_4)
FNDA:0,(anonymous_5)
FNDA:0,(anonymous_6)
FNDA:0,(anonymous_7)
FNDA:0,(anonymous_8)
FNDA:606,(anonymous_9)
FNDA:0,(anonymous_10)
FNDA:0,(anonymous_11)
FNDA:0,(anonymous_12)
FNDA:0,(anonymous_13)
FNDA:0,(anonymous_14)
FNDA:0,(anonymous_15)
FNDA:0,(anonymous_16)
FNDA:0,(anonymous_17)
FNDA:0,(anonymous_18)
FNDA:0,(anonymous_19)
FNDA:0,(anonymous_20)
DA:23,6
DA:24,6
DA:27,6
DA:28,6
DA:29,0
DA:31,6
DA:32,6
DA:36,6
DA:37,6
DA:39,6
DA:40,6
DA:43,6
DA:44,6
DA:48,6
DA:49,0
DA:56,6
DA:57,0
DA:58,0
DA:59,0
DA:63,6
DA:64,6
DA:67,606
DA:69,6
DA:74,6
DA:80,0
DA:101,0
DA:105,0
DA:113,0
DA:117,0
DA:128,0
DA:134,0
DA:136,0
DA:137,0
DA:138,0
DA:142,0
LF:35
LH:19
BRDA:22,0,0,6
BRDA:29,1,0,0
BRDA:29,1,1,0
BRDA:29,2,0,0
BRDA:29,2,1,0
BRDA:37,3,0,0
BRDA:37,3,1,6
BRDA:82,4,0,0
BRDA:82,4,1,6
BRDA:85,5,0,0
BRDA:85,5,1,6
BRDA:87,6,0,0
BRDA:87,6,1,6
BRDA:90,7,0,6
BRDA:90,7,1,0
BRDA:141,8,0,0
BRDA:141,8,1,0
BRF:17
BRH:6
end_of_record
TN:
SF:src\components\Dropdown\index.jsx
FN:24,Dropdown
FN:37,(anonymous_1)
FN:38,(anonymous_2)
FN:44,(anonymous_3)
FN:47,(anonymous_4)
FN:56,(anonymous_5)
FN:56,(anonymous_6)
FN:74,(anonymous_7)
FN:88,(anonymous_8)
FN:92,(anonymous_9)
FNF:10
FNH:4
FNDA:6,Dropdown
FNDA:6,(anonymous_1)
FNDA:0,(anonymous_2)
FNDA:6,(anonymous_3)
FNDA:189,(anonymous_4)
FNDA:0,(anonymous_5)
FNDA:0,(anonymous_6)
FNDA:0,(anonymous_7)
FNDA:0,(anonymous_8)
FNDA:0,(anonymous_9)
DA:33,6
DA:34,6
DA:37,6
DA:38,6
DA:39,0
DA:40,0
DA:43,6
DA:44,6
DA:47,6
DA:48,189
DA:51,6
DA:56,0
DA:76,0
DA:78,0
DA:79,0
DA:89,0
DA:90,0
DA:93,0
DA:94,0
DA:95,0
LF:20
LH:9
BRDA:31,0,0,6
BRDA:39,1,0,0
BRDA:39,1,1,0
BRDA:39,2,0,0
BRDA:39,2,1,0
BRDA:48,3,0,189
BRDA:48,3,1,0
BRDA:61,4,0,0
BRDA:61,4,1,6
BRDA:64,5,0,0
BRDA:64,5,1,6
BRDA:65,6,0,0
BRDA:65,6,1,0
BRDA:70,7,0,0
BRDA:70,7,1,6
BRDA:72,8,0,6
BRDA:72,8,1,0
BRDA:76,9,0,0
BRDA:76,9,1,0
BRDA:78,10,0,0
BRDA:78,10,1,0
BRDA:83,11,0,0
BRDA:83,11,1,0
BRDA:93,12,0,0
BRDA:93,12,1,0
BRDA:93,13,0,0
BRDA:93,13,1,0
BRF:27
BRH:6
end_of_record
TN:
SF:src\components\Form\index.jsx
FN:25,Form
FN:51,(anonymous_1)
FN:57,(anonymous_2)
FN:75,(anonymous_3)
FN:77,(anonymous_4)
FN:80,(anonymous_5)
FN:81,(anonymous_6)
FN:87,(anonymous_7)
FN:92,(anonymous_8)
FN:93,(anonymous_9)
FN:98,(anonymous_10)
FN:99,(anonymous_11)
FN:104,(anonymous_12)
FN:105,(anonymous_13)
FN:112,(anonymous_14)
FN:322,(anonymous_15)
FN:376,(anonymous_16)
FNF:17
FNH:3
FNDA:3,Form
FNDA:0,(anonymous_1)
FNDA:0,(anonymous_2)
FNDA:0,(anonymous_3)
FNDA:0,(anonymous_4)
FNDA:0,(anonymous_5)
FNDA:0,(anonymous_6)
FNDA:0,(anonymous_7)
FNDA:0,(anonymous_8)
FNDA:0,(anonymous_9)
FNDA:0,(anonymous_10)
FNDA:0,(anonymous_11)
FNDA:0,(anonymous_12)
FNDA:0,(anonymous_13)
FNDA:0,(anonymous_14)
FNDA:177,(anonymous_15)
FNDA:12,(anonymous_16)
DA:26,3
DA:27,3
DA:28,3
DA:29,3
DA:42,3
DA:51,3
DA:52,0
DA:53,0
DA:57,3
DA:58,0
DA:59,0
DA:61,0
DA:67,0
DA:68,0
DA:75,3
DA:76,0
DA:77,0
DA:79,0
DA:80,0
DA:81,0
DA:87,0
DA:91,0
DA:92,0
DA:93,0
DA:97,0
DA:98,0
DA:99,0
DA:104,0
DA:105,0
DA:112,3
DA:113,0
DA:115,0
DA:127,0
DA:139,0
DA:140,0
DA:141,0
DA:152,0
DA:155,3
DA:322,177
DA:376,12
LF:40
LH:12
BRDA:52,0,0,0
BRDA:52,0,1,0
BRDA:59,1,0,0
BRDA:59,1,1,0
BRDA:61,2,0,0
BRDA:61,2,1,0
BRDA:62,3,0,0
BRDA:62,3,1,0
BRDA:62,3,2,0
BRDA:62,3,3,0
BRDA:79,4,0,0
BRDA:79,4,1,0
BRDA:83,5,0,0
BRDA:83,5,1,0
BRDA:91,6,0,0
BRDA:91,6,1,0
BRDA:97,7,0,0
BRDA:97,7,1,0
BRDA:97,8,0,0
BRDA:97,8,1,0
BRDA:139,9,0,0
BRDA:139,9,1,0
BRDA:152,10,0,0
BRDA:152,10,1,0
BRDA:168,11,0,0
BRDA:168,11,1,3
BRDA:168,12,0,3
BRDA:168,12,1,0
BRDA:170,13,0,0
BRDA:170,13,1,3
BRDA:170,14,0,3
BRDA:170,14,1,0
BRDA:173,15,0,3
BRDA:173,15,1,0
BRDA:173,15,2,0
BRDA:195,16,0,0
BRDA:195,16,1,3
BRDA:195,17,0,3
BRDA:195,17,1,0
BRDA:197,18,0,0
BRDA:197,18,1,3
BRDA:197,19,0,3
BRDA:197,19,1,0
BRDA:200,20,0,3
BRDA:200,20,1,0
BRDA:200,20,2,0
BRDA:218,21,0,0
BRDA:218,21,1,3
BRDA:218,22,0,3
BRDA:218,22,1,0
BRDA:221,23,0,0
BRDA:221,23,1,3
BRDA:221,24,0,3
BRDA:221,24,1,0
BRDA:226,25,0,3
BRDA:226,25,1,0
BRDA:226,25,2,0
BRDA:245,26,0,0
BRDA:245,26,1,3
BRDA:245,27,0,3
BRDA:245,27,1,0
BRDA:247,28,0,0
BRDA:247,28,1,3
BRDA:247,29,0,3
BRDA:247,29,1,0
BRDA:250,30,0,3
BRDA:250,30,1,0
BRDA:250,30,2,0
BRDA:272,31,0,0
BRDA:272,31,1,3
BRDA:272,32,0,3
BRDA:272,32,1,0
BRDA:274,33,0,0
BRDA:274,33,1,3
BRDA:274,34,0,3
BRDA:274,34,1,0
BRDA:277,35,0,3
BRDA:277,35,1,0
BRDA:277,35,2,0
BRDA:299,36,0,0
BRDA:299,36,1,3
BRDA:299,37,0,3
BRDA:299,37,1,0
BRDA:301,38,0,0
BRDA:301,38,1,3
BRDA:301,39,0,3
BRDA:301,39,1,0
BRDA:304,40,0,3
BRDA:304,40,1,0
BRDA:304,40,2,0
BRDA:328,41,0,0
BRDA:328,41,1,3
BRDA:328,42,0,3
BRDA:328,42,1,0
BRDA:330,43,0,0
BRDA:330,43,1,3
BRDA:330,44,0,3
BRDA:330,44,1,0
BRDA:333,45,0,3
BRDA:333,45,1,0
BRDA:333,45,2,0
BRDA:355,46,0,0
BRDA:355,46,1,3
BRDA:355,47,0,3
BRDA:355,47,1,0
BRDA:357,48,0,0
BRDA:357,48,1,3
BRDA:357,49,0,3
BRDA:357,49,1,0
BRDA:360,50,0,3
BRDA:360,50,1,0
BRDA:360,50,2,0
BRDA:383,51,0,0
BRDA:383,51,1,3
BRDA:383,52,0,3
BRDA:383,52,1,0
BRDA:386,53,0,0
BRDA:386,53,1,3
BRDA:386,54,0,3
BRDA:386,54,1,0
BRDA:391,55,0,3
BRDA:391,55,1,0
BRDA:391,55,2,0
BRF:123
BRH:45
end_of_record
TN:
SF:src\data\departments.js
FNF:0
FNH:0
DA:1,1
LF:1
LH:1
BRF:0
BRH:0
end_of_record
TN:
SF:src\data\states.js
FNF:0
FNH:0
DA:1,1
LF:1
LH:1
BRF:0
BRH:0
end_of_record
TN:
SF:src\pages\EmployeeList\index.jsx
FN:21,EmployeeList
FN:22,(anonymous_1)
FN:26,(anonymous_2)
FN:38,(anonymous_3)
FN:39,(anonymous_4)
FN:42,(anonymous_5)
FN:44,(anonymous_6)
FN:46,(anonymous_7)
FN:49,(anonymous_8)
FN:51,(anonymous_9)
FN:53,(anonymous_10)
FN:54,(anonymous_11)
FN:55,(anonymous_12)
FN:56,(anonymous_13)
FN:60,(anonymous_14)
FN:79,(anonymous_15)
FNF:16
FNH:14
FNDA:5,EmployeeList
FNDA:8,(anonymous_1)
FNDA:8,(anonymous_2)
FNDA:4,(anonymous_3)
FNDA:4,(anonymous_4)
FNDA:0,(anonymous_5)
FNDA:4,(anonymous_6)
FNDA:4,(anonymous_7)
FNDA:0,(anonymous_8)
FNDA:4,(anonymous_9)
FNDA:4,(anonymous_10)
FNDA:4,(anonymous_11)
FNDA:4,(anonymous_12)
FNDA:4,(anonymous_13)
FNDA:5,(anonymous_14)
FNDA:2,(anonymous_15)
DA:22,8
DA:23,5
DA:26,5
DA:27,8
DA:28,8
DA:29,8
DA:30,8
DA:31,8
DA:32,8
DA:33,8
DA:37,5
DA:38,4
DA:39,4
DA:42,0
DA:44,4
DA:46,4
DA:49,0
DA:51,4
DA:53,4
DA:54,4
DA:55,4
DA:56,4
DA:60,5
DA:61,5
DA:67,5
DA:79,2
LF:26
LH:24
BRDA:27,0,0,0
BRDA:27,0,1,8
BRDA:29,1,0,0
BRDA:29,1,1,8
BRF:4
BRH:2
end_of_record
TN:
SF:src\pages\Home\index.jsx
FN:17,Home
FN:20,(anonymous_1)
FN:37,(anonymous_2)
FNF:3
FNH:1
FNDA:3,Home
FNDA:0,(anonymous_1)
FNDA:0,(anonymous_2)
DA:18,3
DA:20,3
DA:21,0
DA:24,3
DA:37,0
LF:5
LH:3
BRF:0
BRH:0
end_of_record
TN:
SF:src\store\employeeSlice.js
FN:11,(anonymous_0)
FNF:1
FNH:0
FNDA:0,(anonymous_0)
DA:3,1
DA:7,1
DA:12,0
DA:13,0
DA:18,1
LF:5
LH:3
BRDA:4,0,0,1
BRDA:4,0,1,1
BRF:2
BRH:2
end_of_record
